<?xml version="1.0" encoding="UTF-8"?>
<!-- Generated by org.testng.reporters.JUnitReportReporter -->
<testsuite hostname="soc-5CG1443SPF" failures="0" tests="1" name="testcases.HomeTest" time="3.233" errors="0" timestamp="2025-01-01T12:05:22 IST" skipped="0">
  <testcase classname="testcases.HomeTest" name="test1" time="3.233"/>
  <system-out/>
</testsuite> <!-- testcases.HomeTest -->
