<?xml version="1.0" encoding="UTF-8"?>
<!-- Generated by org.testng.reporters.JUnitReportReporter -->
<testsuite hostname="soc-5CG1443SPF" failures="0" tests="1" name="testcases.MavenLoginTest" time="12.096" errors="0" timestamp="2025-01-04T17:17:36 IST" skipped="0">
  <testcase classname="testcases.MavenLoginTest" name="Logintestfailure" time="12.096"/>
  <system-out/>
</testsuite> <!-- testcases.MavenLoginTest -->
